<?xml version="1.0" encoding="UTF-8"?>
<testsuite xmlns:xsi="http://www.w3.org/2001/XMLSchema-instance" xsi:noNamespaceSchemaLocation="https://maven.apache.org/surefire/maven-surefire-plugin/xsd/surefire-test-report.xsd" version="3.0.2" name="org.huiping.server.ServerApplicationTests" time="5.286" tests="1" errors="0" skipped="0" failures="0" flakes="0">
  <properties>
[...]
</properties>
  <testcase name="contextLoads" classname="org.huiping.server.ServerApplicationTests" time="0.733">
    <system-out><![CDATA[13:42:29.525 [main] INFO org.springframework.test.context.support.AnnotationConfigContextLoaderUtils -- Could not detect default configuration classes for test class [org.huiping.server.ServerApplicationTests]: ServerApplicationTests does not declare any static, non-private, non-final, nested classes annotated with @Configuration.
13:42:29.629 [main] INFO org.springframework.boot.test.context.SpringBootTestContextBootstrapper -- Found @SpringBootConfiguration org.huiping.server.ServerApplication for test class org.huiping.server.ServerApplicationTests
13:42:29.714 [main] INFO org.springframework.test.context.support.AnnotationConfigContextLoaderUtils -- Could not detect default configuration classes for test class [org.huiping.server.ServerApplicationTests]: ServerApplicationTests does not declare any static, non-private, non-final, nested classes annotated with @Configuration.
13:42:29.716 [main] INFO org.springframework.boot.test.context.SpringBootTestContextBootstrapper -- Found @SpringBootConfiguration org.huiping.server.ServerApplication for test class org.huiping.server.ServerApplicationTests

  .   ____          _            __ _ _
 /\\ / ___'_ __ _ _(_)_ __  __ _ \ \ \ \
( ( )\___ | '_ | '_| | '_ \/ _` | \ \ \ \
 \\/  ___)| |_)| | | | | || (_| |  ) ) ) )
  '  |____| .__|_| |_|_| |_\__, | / / / /
 =========|_|==============|___/=/_/_/_/

 :: Spring Boot ::                (v4.1.1)

2026-09-22T13:42:30.183+08:00  INFO 14144 --- [server] [           main] o.huiping.server.ServerApplicationTests  : Starting ServerApplicationTests using Java 17.0.11 with PID 14144 (started by 17937 in F:\Project Code\huiping_tour\server)
2026-09-22T13:42:30.187+08:00  INFO 14144 --- [server] [           main] o.huiping.server.ServerApplicationTests  : No active profile set, falling back to 1 default profile: "default"
2026-09-22T13:42:33.786+08:00  INFO 14144 --- [server] [           main] o.huiping.server.ServerApplicationTests  : Started ServerApplicationTests in 3.998 seconds (process running for 5.156)
]]></system-out>
  </testcase>
</testsuite>